INFO: [VRFC 10-2263] Analyzing Verilog file "D:/Project/FPGA/FPGA_Whac_A_Mole/FPGA_Whac_A_Mole.srcs/sources_1/new/Bcd_to_sevensegment.v" into library xil_defaultlib
INFO: [VRFC 10-311] analyzing module Bcd_to_sevensegment
INFO: [VRFC 10-2263] Analyzing Verilog file "D:/Project/FPGA/FPGA_Whac_A_Mole/FPGA_Whac_A_Mole.srcs/sources_1/new/Binary_to_bcd.v" into library xil_defaultlib
INFO: [VRFC 10-311] analyzing module Binary_to_bcd
INFO: [VRFC 10-2263] Analyzing Verilog file "D:/Project/FPGA/FPGA_Whac_A_Mole/FPGA_Whac_A_Mole.srcs/sources_1/new/Button_debouncing.v" into library xil_defaultlib
INFO: [VRFC 10-311] analyzing module Button_debuncing
INFO: [VRFC 10-2263] Analyzing Verilog file "D:/Project/FPGA/FPGA_Whac_A_Mole/FPGA_Whac_A_Mole.srcs/sources_1/new/Display_seven_segment.v" into library xil_defaultlib
INFO: [VRFC 10-311] analyzing module Display_seven_segment
INFO: [VRFC 10-2263] Analyzing Verilog file "D:/Project/FPGA/FPGA_Whac_A_Mole/FPGA_Whac_A_Mole.srcs/sources_1/new/Led_display.v" into library xil_defaultlib
INFO: [VRFC 10-311] analyzing module Led_display
INFO: [VRFC 10-2263] Analyzing Verilog file "D:/Project/FPGA/FPGA_Whac_A_Mole/FPGA_Whac_A_Mole.srcs/sources_1/new/Random_number.v" into library xil_defaultlib
INFO: [VRFC 10-311] analyzing module Random_number
INFO: [VRFC 10-2263] Analyzing Verilog file "D:/Project/FPGA/FPGA_Whac_A_Mole/FPGA_Whac_A_Mole.srcs/sources_1/new/Score_count.v" into library xil_defaultlib
INFO: [VRFC 10-311] analyzing module Score_count
INFO: [VRFC 10-2263] Analyzing Verilog file "D:/Project/FPGA/FPGA_Whac_A_Mole/FPGA_Whac_A_Mole.srcs/sources_1/new/Sevensegment_select.v" into library xil_defaultlib
INFO: [VRFC 10-311] analyzing module sevensegment_select
INFO: [VRFC 10-2263] Analyzing Verilog file "D:/Project/FPGA/FPGA_Whac_A_Mole/FPGA_Whac_A_Mole.srcs/sources_1/new/Top_game_of_whack_a_mole.v" into library xil_defaultlib
INFO: [VRFC 10-311] analyzing module Top_game_of_whack_a_mole
INFO: [VRFC 10-2263] Analyzing Verilog file "D:/Project/FPGA/FPGA_Whac_A_Mole/FPGA_Whac_A_Mole.srcs/sim_1/new/game_of_whack_a_mole_tb.v" into library xil_defaultlib
INFO: [VRFC 10-311] analyzing module game_of_whack_a_mole_tb
